status: #<Net::HTTPOK:0x0000564f5a7917d8>

この通知でのIPアドレスの変更はありません。
<html>
<head>
<title>Free Dynamic DNS (DDNS) for Home Server and VPS etc  | MyDNS.JP</title>
<meta http-equiv="Content-Type" content="text/html; charset=utf-8" />
<LINK href="./site.css" rel=stylesheet type=text/css>

</head>
<BODY BGCOLOR="#FFFFFF"
      TEXT="#304040"
      leftmargin="0" topmargin="0" marginwidth="0" marginheight="0"
>
<BR>
Login and IP address notify OK.<BR>
login_status = 1.<BR>
<BR>
<DT>MASTERID :</DT><DD>mydns372272</DD>
<DT>IPv4 ADDRESS:</DT><DD>182.168.31.148</DD>
<DT>IPv6 ADDRESS:</DT><DD></DD>
<DT>ACCESS DAYTIME:</DT><DD>2018/12/23 03:22:57 UTC</DD>
<DT>SERVER ADDRESS:</DT><DD>2604:180:2:d8::8924</DD>
<DT>REMOTE ADDRESS:</DT><DD>240b:11:8da0:d100:225:22ff:fe6a:4336</DD>
<BR>

</body>
</html>
==================================================
status: #<Net::HTTPOK:0x000056047beed380>
==================================================

この通知でのIPアドレスの変更はありません。
<html>
<head>
<title>Free Dynamic DNS (DDNS) for Home Server and VPS etc  | MyDNS.JP</title>
<meta http-equiv="Content-Type" content="text/html; charset=utf-8" />
<LINK href="./site.css" rel=stylesheet type=text/css>

</head>
<BODY BGCOLOR="#FFFFFF"
      TEXT="#304040"
      leftmargin="0" topmargin="0" marginwidth="0" marginheight="0"
>
<BR>
Login and IP address notify OK.<BR>
login_status = 1.<BR>
<BR>
<DT>MASTERID :</DT><DD>mydns372272</DD>
<DT>IPv4 ADDRESS:</DT><DD>182.168.31.148</DD>
<DT>IPv6 ADDRESS:</DT><DD></DD>
<DT>ACCESS DAYTIME:</DT><DD>2018/12/23 03:24:18 UTC</DD>
<DT>SERVER ADDRESS:</DT><DD>2604:180:2:d8::8924</DD>
<DT>REMOTE ADDRESS:</DT><DD>240b:11:8da0:d100:225:22ff:fe6a:4336</DD>
<BR>

</body>
</html>
